#
# A fatal error has been detected by the Java Runtime Environment:
#
#  EXCEPTION_ACCESS_VIOLATION (0xc0000005) at pc=0x00007ffc1d504c32, pid=3024, tid=15332
#
# JRE version: Java(TM) SE Runtime Environment (8.0_65-b17) (build 1.8.0_65-b17)
# Java VM: Java HotSpot(TM) 64-Bit Server VM (25.65-b01 mixed mode windows-amd64 compressed oops)
# Problematic frame:
# C  [NahimicMSIOSD.dll+0x4c32]
#
# Failed to write core dump. Minidumps are not enabled by default on client versions of Windows
#
# If you would like to submit a bug report, please visit:
#   http://bugreport.java.com/bugreport/crash.jsp
# The crash happened outside the Java Virtual Machine in native code.
# See problematic frame for where to report the bug.
#

---------------  T H R E A D  ---------------

Current thread (0x000000001bf53800):  JavaThread "AWT-EventQueue-0" [_thread_in_native, id=15332, stack(0x000000001d270000,0x000000001d370000)]

siginfo: ExceptionCode=0xc0000005, reading address 0x0000000000c41260

Registers:
RAX=0x000000001d36a678, RBX=0x0000000000c41260, RCX=0x0000000000c41260, RDX=0x000000001d36a6c0
RSP=0x000000001d36a240, RBP=0x0000000000000002, RSI=0x000000001d36a6c0, RDI=0x00007ffc1d5455f0
R8 =0x00007ffc1d500000, R9 =0x000000000000000a, R10=0x000000000000000a, R11=0x00007ffc4aa73410
R12=0x0000000000000400, R13=0x00000000192369f8, R14=0x000000001d36b258, R15=0x000000001d36b260
RIP=0x00007ffc1d504c32, EFLAGS=0x0000000000010202

Top of Stack: (sp=0x000000001d36a240)
0x000000001d36a240:   0000000000000000 0000000000000000
0x000000001d36a250:   00000000006d9000 000000001d36a398
0x000000001d36a260:   fffffffffffffffe 00007ffc4a93757f
0x000000001d36a270:   0000f705862a2acb 000000001d36a301
0x000000001d36a280:   0000000000000000 0000000000000000
0x000000001d36a290:   00000000006d9000 000000001d36a3d8
0x000000001d36a2a0:   000000001d36a400 00007ffc4a93757f
0x000000001d36a2b0:   0000000000000000 000000001d36a301
0x000000001d36a2c0:   000000001d36a301 000000001d36a6a0
0x000000001d36a2d0:   000000001d36a310 0000000000000000
0x000000001d36a2e0:   0000000000000000 0000000000000000
0x000000001d36a2f0:   0000000000000000 0000000000000000
0x000000001d36a300:   0000000000000000 0000000000000000
0x000000001d36a310:   0000000000000000 00007ffc4a936ed3
0x000000001d36a320:   000000001d36b260 0000000000000000
0x000000001d36a330:   00000000192369f8 0000000000000000 

Instructions: (pc=0x00007ffc1d504c32)
0x00007ffc1d504c12:   c4 57 48 81 ec 30 04 00 00 48 c7 44 24 20 fe ff
0x00007ffc1d504c22:   ff ff 48 89 58 08 48 89 70 10 48 8b f2 48 8b d9
0x00007ffc1d504c32:   48 83 39 00 74 7f 48 83 c1 08 ff 15 4e a4 02 00
0x00007ffc1d504c42:   48 8b f8 48 85 c0 74 6d 41 b8 00 02 00 00 48 8d 


Register to memory mapping:

RAX=0x000000001d36a678 is pointing into the stack for thread: 0x000000001bf53800
RBX=0x0000000000c41260 is an unknown value
RCX=0x0000000000c41260 is an unknown value
RDX=0x000000001d36a6c0 is pointing into the stack for thread: 0x000000001bf53800
RSP=0x000000001d36a240 is pointing into the stack for thread: 0x000000001bf53800
RBP=0x0000000000000002 is an unknown value
RSI=0x000000001d36a6c0 is pointing into the stack for thread: 0x000000001bf53800
RDI=0x00007ffc1d5455f0 is an unknown value
R8 =0x00007ffc1d500000 is an unknown value
R9 =0x000000000000000a is an unknown value
R10=0x000000000000000a is an unknown value
R11=0x00007ffc4aa73410 is an unknown value
R12=0x0000000000000400 is an unknown value
R13={method} {0x0000000019236a00} 'load' '(Ljava/lang/String;Z)V' in 'java/lang/ClassLoader$NativeLibrary'
R14=0x000000001d36b258 is pointing into the stack for thread: 0x000000001bf53800
R15=0x000000001d36b260 is pointing into the stack for thread: 0x000000001bf53800


Stack: [0x000000001d270000,0x000000001d370000],  sp=0x000000001d36a240,  free space=1000k
Native frames: (J=compiled Java code, j=interpreted, Vv=VM code, C=native code)
C  [NahimicMSIOSD.dll+0x4c32]
C  [NahimicMSIOSD.dll+0xb821]
C  [NahimicMSIOSD.dll+0x5252]
C  [NahimicMSIOSD.dll+0x4a0a]
C  [NahimicMSIOSD.dll+0x31f9]
V  [jvm.dll+0x297458]
V  [jvm.dll+0x1888ea]
C  [java.dll+0x234f]
C  0x00000000025d5e34

Java frames: (J=compiled Java code, j=interpreted, Vv=VM code)
j  java.lang.ClassLoader$NativeLibrary.load(Ljava/lang/String;Z)V+0
j  java.lang.ClassLoader.loadLibrary0(Ljava/lang/Class;Ljava/io/File;)Z+328
j  java.lang.ClassLoader.loadLibrary(Ljava/lang/Class;Ljava/lang/String;Z)V+217
j  java.lang.Runtime.loadLibrary0(Ljava/lang/Class;Ljava/lang/String;)V+54
j  java.lang.System.loadLibrary(Ljava/lang/String;)V+7
j  sun.nio.ch.IOUtil$1.run()Ljava/lang/Void;+2
j  sun.nio.ch.IOUtil$1.run()Ljava/lang/Object;+1
v  ~StubRoutines::call_stub
j  java.security.AccessController.doPrivileged(Ljava/security/PrivilegedAction;)Ljava/lang/Object;+0
j  sun.nio.ch.IOUtil.<clinit>()V+23
v  ~StubRoutines::call_stub
j  sun.nio.ch.FileChannelImpl.<clinit>()V+28
v  ~StubRoutines::call_stub
j  java.io.RandomAccessFile.getChannel()Ljava/nio/channels/FileChannel;+26
j  sun.font.TrueTypeFont.open()Ljava/nio/channels/FileChannel;+64
j  sun.font.TrueTypeFont.verify()V+1
j  sun.font.TrueTypeFont.<init>(Ljava/lang/String;Ljava/lang/Object;IZ)V+50
j  sun.font.SunFontManager.registerFontFile(Ljava/lang/String;[Ljava/lang/String;IZI)Lsun/font/PhysicalFont;+76
j  sun.font.SunFontManager.initialiseDeferredFont(Ljava/lang/String;)Lsun/font/PhysicalFont;+83
j  sun.font.CompositeFont.doDeferredInitialisation(I)V+73
j  sun.font.CompositeFont.getSlotFont(I)Lsun/font/PhysicalFont;+11
j  sun.font.CompositeStrike.getStrikeForSlot(I)Lsun/font/PhysicalStrike;+16
j  sun.font.CompositeStrike.getFontMetrics()Lsun/font/StrikeMetrics;+31
j  sun.font.FontDesignMetrics.initMatrixAndMetrics()V+28
j  sun.font.FontDesignMetrics.<init>(Ljava/awt/Font;Ljava/awt/font/FontRenderContext;)V+62
j  sun.font.FontDesignMetrics.getMetrics(Ljava/awt/Font;Ljava/awt/font/FontRenderContext;)Lsun/font/FontDesignMetrics;+128
j  sun.swing.SwingUtilities2.getFontMetrics(Ljavax/swing/JComponent;Ljava/awt/Font;)Ljava/awt/FontMetrics;+15
j  javax.swing.JComponent.getFontMetrics(Ljava/awt/Font;)Ljava/awt/FontMetrics;+2
j  javax.swing.plaf.basic.BasicGraphicsUtils.getPreferredButtonSize(Ljavax/swing/AbstractButton;I)Ljava/awt/Dimension;+28
j  javax.swing.plaf.basic.BasicButtonUI.getPreferredSize(Ljavax/swing/JComponent;)Ljava/awt/Dimension;+10
j  javax.swing.plaf.basic.BasicButtonUI.getMaximumSize(Ljavax/swing/JComponent;)Ljava/awt/Dimension;+2
j  javax.swing.JComponent.getMaximumSize()Ljava/awt/Dimension;+26
j  net.miginfocom.swing.SwingComponentWrapper.getLayoutHashCode()I+4
j  net.miginfocom.swing.MigLayout.checkCache(Ljava/awt/Container;)V+132
j  net.miginfocom.swing.MigLayout.layoutContainer(Ljava/awt/Container;)V+9
j  java.awt.Container.layout()V+11
j  java.awt.Container.doLayout()V+1
j  java.awt.Container.validateTree()V+47
j  java.awt.Container.validateTree()V+110
j  java.awt.Container.validateTree()V+110
j  java.awt.Container.validateTree()V+110
j  java.awt.Container.validate()V+60
j  java.awt.Container.validateUnconditionally()V+14
j  java.awt.Window.show()V+12
j  java.awt.Component.show(Z)V+5
j  java.awt.Component.setVisible(Z)V+2
j  java.awt.Window.setVisible(Z)V+2
j  Application$1.run()V+25
j  java.awt.event.InvocationEvent.dispatch()V+47
j  java.awt.EventQueue.dispatchEventImpl(Ljava/awt/AWTEvent;Ljava/lang/Object;)V+21
j  java.awt.EventQueue.access$500(Ljava/awt/EventQueue;Ljava/awt/AWTEvent;Ljava/lang/Object;)V+3
j  java.awt.EventQueue$3.run()Ljava/lang/Void;+32
j  java.awt.EventQueue$3.run()Ljava/lang/Object;+1
v  ~StubRoutines::call_stub
j  java.security.AccessController.doPrivileged(Ljava/security/PrivilegedAction;Ljava/security/AccessControlContext;)Ljava/lang/Object;+0
j  java.security.ProtectionDomain$JavaSecurityAccessImpl.doIntersectionPrivilege(Ljava/security/PrivilegedAction;Ljava/security/AccessControlContext;Ljava/security/AccessControlContext;)Ljava/lang/Object;+18
j  java.awt.EventQueue.dispatchEvent(Ljava/awt/AWTEvent;)V+46
j  java.awt.EventDispatchThread.pumpOneEventForFilters(I)V+245
j  java.awt.EventDispatchThread.pumpEventsForFilter(ILjava/awt/Conditional;Ljava/awt/EventFilter;)V+35
j  java.awt.EventDispatchThread.pumpEventsForHierarchy(ILjava/awt/Conditional;Ljava/awt/Component;)V+11
j  java.awt.EventDispatchThread.pumpEvents(ILjava/awt/Conditional;)V+4
j  java.awt.EventDispatchThread.pumpEvents(Ljava/awt/Conditional;)V+3
j  java.awt.EventDispatchThread.run()V+9
v  ~StubRoutines::call_stub

---------------  P R O C E S S  ---------------

Java Threads: ( => current thread )
  0x00000000024c0800 JavaThread "DestroyJavaVM" [_thread_blocked, id=11120, stack(0x0000000002370000,0x0000000002470000)]
=>0x000000001bf53800 JavaThread "AWT-EventQueue-0" [_thread_in_native, id=15332, stack(0x000000001d270000,0x000000001d370000)]
  0x000000001bf52000 JavaThread "AWT-Windows" daemon [_thread_in_native, id=10304, stack(0x000000001cd70000,0x000000001ce70000)]
  0x000000001bf61800 JavaThread "AWT-Shutdown" [_thread_blocked, id=10256, stack(0x000000001cc70000,0x000000001cd70000)]
  0x000000001bf60800 JavaThread "Java2D Disposer" daemon [_thread_blocked, id=16272, stack(0x000000001cb70000,0x000000001cc70000)]
  0x000000001bc5e000 JavaThread "Service Thread" daemon [_thread_blocked, id=10332, stack(0x000000001c580000,0x000000001c680000)]
  0x000000001bbc4000 JavaThread "C1 CompilerThread3" daemon [_thread_blocked, id=15320, stack(0x000000001c480000,0x000000001c580000)]
  0x000000001bbb5800 JavaThread "C2 CompilerThread2" daemon [_thread_blocked, id=9460, stack(0x000000001c380000,0x000000001c480000)]
  0x000000001bbae800 JavaThread "C2 CompilerThread1" daemon [_thread_blocked, id=13200, stack(0x000000001c280000,0x000000001c380000)]
  0x000000001bbab800 JavaThread "C2 CompilerThread0" daemon [_thread_blocked, id=11784, stack(0x000000001c180000,0x000000001c280000)]
  0x000000001bba6000 JavaThread "Attach Listener" daemon [_thread_blocked, id=9120, stack(0x000000001c080000,0x000000001c180000)]
  0x000000001bba5000 JavaThread "Signal Dispatcher" daemon [_thread_blocked, id=13992, stack(0x000000001bf80000,0x000000001c080000)]
  0x00000000025b9800 JavaThread "Finalizer" daemon [_thread_blocked, id=17384, stack(0x000000001b990000,0x000000001ba90000)]
  0x00000000025b3000 JavaThread "Reference Handler" daemon [_thread_blocked, id=10988, stack(0x000000001b890000,0x000000001b990000)]

Other Threads:
  0x0000000019ac9000 VMThread [stack: 0x000000001b790000,0x000000001b890000] [id=8660]
  0x000000001bc60800 WatcherThread [stack: 0x000000001c680000,0x000000001c780000] [id=14500]

VM state:not at safepoint (normal execution)

VM Mutex/Monitor currently owned by a thread: None

Heap:
 PSYoungGen      total 57344K, used 10814K [0x0000000780700000, 0x0000000784700000, 0x00000007c0000000)
  eden space 49152K, 22% used [0x0000000780700000,0x000000078118fbe8,0x0000000783700000)
  from space 8192K, 0% used [0x0000000783f00000,0x0000000783f00000,0x0000000784700000)
  to   space 8192K, 0% used [0x0000000783700000,0x0000000783700000,0x0000000783f00000)
 ParOldGen       total 131072K, used 0K [0x0000000701400000, 0x0000000709400000, 0x0000000780700000)
  object space 131072K, 0% used [0x0000000701400000,0x0000000701400000,0x0000000709400000)
 Metaspace       used 11100K, capacity 11316K, committed 11520K, reserved 1058816K
  class space    used 1399K, capacity 1490K, committed 1536K, reserved 1048576K

Card table byte_map: [0x0000000011980000,0x0000000011f80000] byte_map_base: 0x000000000e176000

Marking Bits: (ParMarkBitMap*) 0x0000000071cda5b0
 Begin Bits: [0x0000000012b80000, 0x0000000015b30000)
 End Bits:   [0x0000000015b30000, 0x0000000018ae0000)

Polling page: 0x00000000022e0000

CodeCache: size=245760Kb used=2091Kb max_used=2091Kb free=243668Kb
 bounds [0x00000000025c0000, 0x0000000002830000, 0x00000000115c0000]
 total_blobs=931 nmethods=487 adapters=357
 compilation: enabled

Compilation events (10 events):
Event: 0.669 Thread 0x000000001bbc4000  483       1       java.awt.Component::getParent_NoClientCode (5 bytes)
Event: 0.669 Thread 0x000000001bbc4000 nmethod 483 0x00000000027c7e50 code [0x00000000027c7fa0, 0x00000000027c80b0]
Event: 0.681 Thread 0x000000001bbc4000  484       3       java.util.ArrayList::rangeCheck (22 bytes)
Event: 0.681 Thread 0x000000001bbc4000 nmethod 484 0x00000000027c8110 code [0x00000000027c8320, 0x00000000027c8e18]
Event: 0.681 Thread 0x000000001bbc4000  485       3       java.util.ArrayList::elementData (7 bytes)
Event: 0.681 Thread 0x000000001bbc4000 nmethod 485 0x00000000027c93d0 code [0x00000000027c9520, 0x00000000027c96b0]
Event: 0.681 Thread 0x000000001bbc4000  486       3       java.util.ArrayList::get (11 bytes)
Event: 0.681 Thread 0x000000001bbc4000 nmethod 486 0x00000000027c9790 code [0x00000000027c9920, 0x00000000027c9c98]
Event: 0.681 Thread 0x000000001bbc4000  487       1       java.awt.Component::getPeer (5 bytes)
Event: 0.681 Thread 0x000000001bbc4000 nmethod 487 0x00000000027c9ed0 code [0x00000000027ca020, 0x00000000027ca130]

GC Heap History (0 events):
No events

Deoptimization events (0 events):
No events

Internal exceptions (10 events):
Event: 0.130 Thread 0x00000000024c0800 Exception <a 'java/lang/NoSuchFieldError': method resolution failed> (0x0000000780a4c218) thrown at [C:\workspace\8-2-build-windows-amd64-cygwin\jdk8u65\4987\hotspot\src\share\vm\prims\methodHandles.cpp, line 1146]
Event: 0.132 Thread 0x00000000024c0800 Exception <a 'java/lang/NoSuchFieldError': method resolution failed> (0x0000000780a595e8) thrown at [C:\workspace\8-2-build-windows-amd64-cygwin\jdk8u65\4987\hotspot\src\share\vm\prims\methodHandles.cpp, line 1146]
Event: 0.475 Thread 0x000000001bf53800 Exception <a 'java/io/FileNotFoundException'> (0x0000000780cd8b48) thrown at [C:\workspace\8-2-build-windows-amd64-cygwin\jdk8u65\4987\hotspot\src\share\vm\prims\jni.cpp, line 709]
Event: 0.564 Thread 0x000000001bf53800 Exception <a 'java/lang/ClassNotFoundException': java/lang/ObjectCustomizer> (0x0000000780fa3358) thrown at [C:\workspace\8-2-build-windows-amd64-cygwin\jdk8u65\4987\hotspot\src\share\vm\classfile\systemDictionary.cpp, line 210]
Event: 0.566 Thread 0x000000001bf53800 Exception <a 'java/lang/ArrayIndexOutOfBoundsException': 18> (0x0000000780fa6188) thrown at [C:\workspace\8-2-build-windows-amd64-cygwin\jdk8u65\4987\hotspot\src\share\vm\interpreter\interpreterRuntime.cpp, line 366]
Event: 0.567 Thread 0x000000001bf53800 Exception <a 'java/lang/ArrayIndexOutOfBoundsException': 22> (0x0000000780fa9550) thrown at [C:\workspace\8-2-build-windows-amd64-cygwin\jdk8u65\4987\hotspot\src\share\vm\interpreter\interpreterRuntime.cpp, line 366]
Event: 0.568 Thread 0x000000001bf53800 Exception <a 'java/lang/ArrayIndexOutOfBoundsException': 160> (0x0000000780fab928) thrown at [C:\workspace\8-2-build-windows-amd64-cygwin\jdk8u65\4987\hotspot\src\share\vm\interpreter\interpreterRuntime.cpp, line 366]
Event: 0.571 Thread 0x000000001bf53800 Exception <a 'java/lang/ClassNotFoundException': net/miginfocom/layout/UnitValueCustomizer> (0x0000000780fb1338) thrown at [C:\workspace\8-2-build-windows-amd64-cygwin\jdk8u65\4987\hotspot\src\share\vm\classfile\systemDictionary.cpp, line 210]
Event: 0.576 Thread 0x000000001bf53800 Exception <a 'java/lang/ClassNotFoundException': java/lang/ObjectCustomizer> (0x0000000780fcbe48) thrown at [C:\workspace\8-2-build-windows-amd64-cygwin\jdk8u65\4987\hotspot\src\share\vm\classfile\systemDictionary.cpp, line 210]
Event: 0.577 Thread 0x000000001bf53800 Exception <a 'java/lang/ClassNotFoundException': net/miginfocom/layout/BoundSizeCustomizer> (0x0000000780fd3520) thrown at [C:\workspace\8-2-build-windows-amd64-cygwin\jdk8u65\4987\hotspot\src\share\vm\classfile\systemDictionary.cpp, line 210]

Events (10 events):
Event: 0.683 loading class java/nio/channels/InterruptibleChannel done
Event: 0.683 loading class java/nio/channels/spi/AbstractInterruptibleChannel done
Event: 0.683 loading class java/nio/channels/FileChannel done
Event: 0.683 loading class sun/nio/ch/FileChannelImpl done
Event: 0.683 loading class java/nio/file/attribute/FileAttribute
Event: 0.683 loading class java/nio/file/attribute/FileAttribute done
Event: 0.683 loading class sun/nio/ch/IOUtil
Event: 0.683 loading class sun/nio/ch/IOUtil done
Event: 0.684 loading class sun/nio/ch/IOUtil$1
Event: 0.684 loading class sun/nio/ch/IOUtil$1 done


Dynamic libraries:
0x00007ff6e2be0000 - 0x00007ff6e2c17000 	C:\Program Files\Java\jre1.8.0_65\bin\javaw.exe
0x00007ffc4a910000 - 0x00007ffc4aae1000 	C:\WINDOWS\SYSTEM32\ntdll.dll
0x00007ffc48910000 - 0x00007ffc489bb000 	C:\WINDOWS\System32\KERNEL32.DLL
0x00007ffc38a40000 - 0x00007ffc38a94000 	C:\Program Files (x86)\AVG\Av\avghooka.dll
0x00007ffc45b10000 - 0x00007ffc45d2d000 	C:\WINDOWS\System32\KERNELBASE.dll
0x00007ffc43fb0000 - 0x00007ffc4402a000 	C:\WINDOWS\system32\apphelp.dll
0x00007ffc48760000 - 0x00007ffc48802000 	C:\WINDOWS\System32\ADVAPI32.dll
0x00007ffc49130000 - 0x00007ffc491ce000 	C:\WINDOWS\System32\msvcrt.dll
0x00007ffc48880000 - 0x00007ffc488d9000 	C:\WINDOWS\System32\sechost.dll
0x00007ffc46fe0000 - 0x00007ffc47101000 	C:\WINDOWS\System32\RPCRT4.dll
0x00007ffc49440000 - 0x00007ffc495a5000 	C:\WINDOWS\System32\USER32.dll
0x00007ffc46670000 - 0x00007ffc4668e000 	C:\WINDOWS\System32\win32u.dll
0x00007ffc49030000 - 0x00007ffc49064000 	C:\WINDOWS\System32\GDI32.dll
0x00007ffc469b0000 - 0x00007ffc46b32000 	C:\WINDOWS\System32\gdi32full.dll
0x00007ffc395a0000 - 0x00007ffc3981a000 	C:\WINDOWS\WinSxS\amd64_microsoft.windows.common-controls_6595b64144ccf1df_6.0.14393.953_none_42151e83c686086b\COMCTL32.dll
0x00007ffc48cd0000 - 0x00007ffc48f98000 	C:\WINDOWS\System32\combase.dll
0x00007ffc45d30000 - 0x00007ffc45e25000 	C:\WINDOWS\System32\ucrtbase.dll
0x00007ffc45aa0000 - 0x00007ffc45b0a000 	C:\WINDOWS\System32\bcryptPrimitives.dll
0x00007ffc488e0000 - 0x00007ffc4890e000 	C:\WINDOWS\System32\IMM32.DLL
0x0000000071000000 - 0x00000000710d2000 	C:\Program Files\Java\jre1.8.0_65\bin\msvcr100.dll
0x00000000714d0000 - 0x0000000071d59000 	C:\Program Files\Java\jre1.8.0_65\bin\server\jvm.dll
0x00007ffc46b40000 - 0x00007ffc46b48000 	C:\WINDOWS\System32\PSAPI.DLL
0x00007ffc38b60000 - 0x00007ffc38b69000 	C:\WINDOWS\SYSTEM32\WSOCK32.dll
0x00007ffc493d0000 - 0x00007ffc4943a000 	C:\WINDOWS\System32\WS2_32.dll
0x00007ffc43b70000 - 0x00007ffc43b93000 	C:\WINDOWS\SYSTEM32\WINMM.dll
0x00007ffc3a890000 - 0x00007ffc3a89a000 	C:\WINDOWS\SYSTEM32\VERSION.dll
0x00007ffc439b0000 - 0x00007ffc439db000 	C:\WINDOWS\SYSTEM32\WINMMBASE.dll
0x00007ffc45e30000 - 0x00007ffc45e72000 	C:\WINDOWS\System32\cfgmgr32.dll
0x00000000713e0000 - 0x00000000713ef000 	C:\Program Files\Java\jre1.8.0_65\bin\verify.dll
0x00000000713b0000 - 0x00000000713d9000 	C:\Program Files\Java\jre1.8.0_65\bin\java.dll
0x0000000071390000 - 0x00000000713a6000 	C:\Program Files\Java\jre1.8.0_65\bin\zip.dll
0x00007ffc47250000 - 0x00007ffc48759000 	C:\WINDOWS\System32\SHELL32.dll
0x00007ffc45f30000 - 0x00007ffc4660a000 	C:\WINDOWS\System32\windows.storage.dll
0x00007ffc45a30000 - 0x00007ffc45a7c000 	C:\WINDOWS\System32\powrprof.dll
0x00007ffc46b50000 - 0x00007ffc46ba2000 	C:\WINDOWS\System32\shlwapi.dll
0x00007ffc45a80000 - 0x00007ffc45a8f000 	C:\WINDOWS\System32\kernel.appcore.dll
0x00007ffc46860000 - 0x00007ffc46909000 	C:\WINDOWS\System32\shcore.dll
0x00007ffc45a10000 - 0x00007ffc45a24000 	C:\WINDOWS\System32\profapi.dll
0x0000000071180000 - 0x0000000071318000 	C:\Program Files\Java\jre1.8.0_65\bin\awt.dll
0x00007ffc49070000 - 0x00007ffc4912f000 	C:\WINDOWS\System32\OLEAUT32.dll
0x00007ffc46910000 - 0x00007ffc469ac000 	C:\WINDOWS\System32\msvcp_win.dll
0x00007ffc44150000 - 0x00007ffc441e5000 	C:\WINDOWS\system32\uxtheme.dll
0x00007ffc48b70000 - 0x00007ffc48cca000 	C:\WINDOWS\System32\MSCTF.dll
0x00007ffc32d90000 - 0x00007ffc32dc5000 	C:\Program Files\Nahimic\NahimicMSI\UserInterface\x64\NahimicMSIDevProps.dll
0x00007ffc47110000 - 0x00007ffc47247000 	C:\WINDOWS\System32\ole32.dll
0x00007ffc1d500000 - 0x00007ffc1d54d000 	C:\Program Files\Nahimic\NahimicMSI\UserInterface\x64\NahimicMSIOSD.dll
0x00007ffc435d0000 - 0x00007ffc435f6000 	C:\WINDOWS\system32\dwmapi.dll
0x00007ffc49330000 - 0x00007ffc493cf000 	C:\WINDOWS\System32\clbcatq.dll
0x00007ffc41130000 - 0x00007ffc411a1000 	C:\WINDOWS\System32\MMDevApi.dll
0x00007ffc44670000 - 0x00007ffc44698000 	C:\WINDOWS\System32\DEVOBJ.dll
0x00007ffc43350000 - 0x00007ffc434d5000 	C:\WINDOWS\System32\PROPSYS.dll
0x00007ffc25810000 - 0x00007ffc258a4000 	C:\WINDOWS\SYSTEM32\AUDIOSES.DLL
0x00007ffc427b0000 - 0x00007ffc428e6000 	C:\WINDOWS\SYSTEM32\wintypes.dll
0x0000000071130000 - 0x0000000071177000 	C:\Program Files\Java\jre1.8.0_65\bin\fontmanager.dll
0x00007ffc42d50000 - 0x00007ffc42ef8000 	C:\WINDOWS\SYSTEM32\WindowsCodecs.dll
0x00007ffc302e0000 - 0x00007ffc30329000 	C:\WINDOWS\system32\dataexchange.dll
0x00007ffc424f0000 - 0x00007ffc427a6000 	C:\WINDOWS\system32\d3d11.dll
0x00007ffc439e0000 - 0x00007ffc43b31000 	C:\WINDOWS\system32\dcomp.dll
0x00007ffc44990000 - 0x00007ffc44a2f000 	C:\WINDOWS\system32\dxgi.dll
0x00007ffc44460000 - 0x00007ffc4457c000 	C:\WINDOWS\system32\twinapi.appcore.dll
0x00007ffc455f0000 - 0x00007ffc4561b000 	C:\WINDOWS\system32\bcrypt.dll
0x0000000071370000 - 0x000000007138a000 	C:\Program Files\Java\jre1.8.0_65\bin\net.dll
0x00007ffc361c0000 - 0x00007ffc36352000 	C:\WINDOWS\SYSTEM32\dbghelp.dll

VM Arguments:
jvm_args: -Dfile.encoding=Cp1252 
java_command: Application
java_class_path (initial): D:\Coding\Eclipse Workspace\LongMath\bin;D:\Coding\Eclipse Workspace\LongMath\miglayout15-swing.jar
Launcher Type: SUN_STANDARD

Environment Variables:
JAVA_HOME=C:\Program Files\Java\jdk1.8.0_65
PATH=C:/Program Files/Java/jre1.8.0_65/bin/server;C:/Program Files/Java/jre1.8.0_65/bin;C:/Program Files/Java/jre1.8.0_65/lib/amd64;C:\ProgramData\Oracle\Java\javapath;C:\Program Files (x86)\Intel\iCLS Client\;C:\Program Files\Intel\iCLS Client\;C:\WINDOWS\system32;C:\WINDOWS;C:\WINDOWS\System32\Wbem;C:\WINDOWS\System32\WindowsPowerShell\v1.0\;C:\Program Files (x86)\Windows Live\Shared;C:\Program Files\Intel\Intel(R) Management Engine Components\DAL;C:\Program Files (x86)\Intel\Intel(R) Management Engine Components\DAL;C:\Program Files\Intel\Intel(R) Management Engine Components\IPT;C:\Program Files (x86)\Intel\Intel(R) Management Engine Components\IPT;C:\Program Files\Intel\WiFi\bin\;C:\Program Files\Common Files\Intel\WirelessCommon\;C:\Program Files (x86)\NVIDIA Corporation\PhysX\Common;C:\WINDOWS\system32;C:\WINDOWS;C:\WINDOWS\System32\Wbem;C:\WINDOWS\System32\WindowsPowerShell\v1.0\;C:\apache-tomcat-9.0.0.M10\apache-tomcat-9.0.0.M10\bin;C:\Program Files\Java\jdk1.8.0_65\bin;C:\Program Files\MySQL\MySQL Utilities 1.6\;C:\apache-maven-3.3.9\bin;C:\Program Files\Git\cmd;C:\Program Files\nodejs\;C:\Program Files (x86)\Brackets\command;C:\Program Files\Common Files\Autodesk Shared\;C:\Program Files (x86)\Autodesk\Backburner\;C:\Users\rocky\AppData\Roaming\npm;C:\Program Files\Eclipse - Neon;
USERNAME=rocky
OS=Windows_NT
PROCESSOR_IDENTIFIER=Intel64 Family 6 Model 71 Stepping 1, GenuineIntel



---------------  S Y S T E M  ---------------

OS: Windows 10.0 , 64 bit Build 14393 (10.0.14393.0)

CPU:total 8 (4 cores per cpu, 2 threads per core) family 6 model 71 stepping 1, cmov, cx8, fxsr, mmx, sse, sse2, sse3, ssse3, sse4.1, sse4.2, popcnt, avx, avx2, aes, clmul, erms, 3dnowpref, lzcnt, ht, tsc, tscinvbit, bmi1, bmi2, adx

Memory: 4k page, physical 12495880k(6153272k free), swap 16886792k(7222776k free)

vm_info: Java HotSpot(TM) 64-Bit Server VM (25.65-b01) for windows-amd64 JRE (1.8.0_65-b17), built on Oct  6 2015 16:39:20 by "java_re" with MS VC++ 10.0 (VS2010)

time: Wed Mar 29 16:00:23 2017
elapsed time: 0 seconds (0d 0h 0m 0s)

